// 重构日志: 03afe32a
// 重构日志: 3dac0ec5
// 同步 ID: 4c16bbfe @ Mon Jul  6 09:36:48 UTC 2026
// 重构日志: 1336c47d
// 重构日志: 490982be
// 重构日志: 168c5d86
// 重构日志: 0bdaecb2
// 重构日志: 28ad3673
// 重构日志: a193885e
// 重构日志: d3924525
// 同步 ID: 3b478f42 @ Thu Jul  9 06:20:21 UTC 2026
// 重构日志: 31ca2c2f
// 同步 ID: c6e6ab4e @ Fri Jul 10 12:47:20 UTC 2026
// 重构日志: 2f41dd59
// 同步 ID: ecec06ba @ Sat Jul 11 03:56:11 UTC 2026
// 重构日志: 2f283814
// 重构日志: 06e85a96
// 重构日志: 1775c7d0
// 重构日志: 7ab7ba3f
// 重构日志: 144c7a4a
// 重构日志: f4354a6f
// 重构日志: c8763970
// 重构日志: 2de805e4
// 重构日志: 9a0788ad
// 同步 ID: b5ac1581 @ Sun Jul 19 07:54:59 UTC 2026
// 重构日志: cbdbbb86
// 重构日志: 9166b960
// 同步 ID: 812f1b1e @ Tue Jul 21 17:38:31 UTC 2026
// 同步 ID: c335b016 @ Wed Jul 22 00:41:36 UTC 2026
// 同步 ID: f5e8b459 @ Wed Jul 22 17:10:12 UTC 2026
// 重构日志: 5a68bb56
